<?xml version="1.0" encoding="UTF-8"?>
<!-- Generated by org.testng.reporters.JUnitReportReporter -->
<testsuite hostname="Israel" failures="0" tests="4" name="com.qa.test.LoginTestcases" time="66.263" errors="0" timestamp="2023-11-28T09:38:31 WAT" skipped="0">
  <testcase classname="com.qa.test.LoginTestcases" name="invalidEmail" time="13.927"/>
  <testcase classname="com.qa.test.LoginTestcases" name="unregisteredEmail" time="15.029"/>
  <testcase classname="com.qa.test.LoginTestcases" name="invalidPassword" time="19.192"/>
  <testcase classname="com.qa.test.LoginTestcases" name="successfulLogin" time="18.115"/>
</testsuite> <!-- com.qa.test.LoginTestcases -->
