<?xml version="1.0" encoding="UTF-8"?>
<!-- Generated by org.testng.reporters.JUnitReportReporter -->
<testsuite hostname="Israel" failures="0" tests="1" name="com.qa.test.ProfileUpdate" time="65.595" errors="0" timestamp="2023-11-08T11:59:33 WAT" skipped="0">
  <testcase classname="com.qa.test.ProfileUpdate" name="successfulLogin" time="65.595"/>
</testsuite> <!-- com.qa.test.ProfileUpdate -->
