<?xml version="1.0" encoding="UTF-8"?>
<!-- Generated by org.testng.reporters.JUnitReportReporter -->
<testsuite hostname="Israel" failures="0" tests="1" name="com.qa.test.ProfileUpdate" time="48.355" errors="0" timestamp="2023-11-22T11:07:12 WAT" skipped="0">
  <testcase classname="com.qa.test.ProfileUpdate" name="upadateProfile" time="48.355"/>
</testsuite> <!-- com.qa.test.ProfileUpdate -->
