<?xml version="1.0" encoding="UTF-8"?>
<!-- Generated by org.testng.reporters.JUnitReportReporter -->
<testsuite hostname="Israel" failures="0" tests="4" name="com.qa.test.LoginTestcases" time="54.410" errors="0" timestamp="2023-11-06T12:24:45 WAT" skipped="0">
  <testcase classname="com.qa.test.LoginTestcases" name="invalidEmail" time="11.326"/>
  <testcase classname="com.qa.test.LoginTestcases" name="unregisteredEmail" time="11.481"/>
  <testcase classname="com.qa.test.LoginTestcases" name="invalidPassword" time="15.228"/>
  <testcase classname="com.qa.test.LoginTestcases" name="successfulLogin" time="16.375"/>
</testsuite> <!-- com.qa.test.LoginTestcases -->
