<?xml version="1.0" encoding="UTF-8"?>
<!-- Generated by org.testng.reporters.JUnitReportReporter -->
<testsuite hostname="Israel" failures="0" tests="1" name="com.qa.test.ProfileUpdate" time="28.062" errors="0" timestamp="2023-11-06T15:09:56 WAT" skipped="0">
  <testcase classname="com.qa.test.ProfileUpdate" name="successfulLogin" time="28.062"/>
</testsuite> <!-- com.qa.test.ProfileUpdate -->
