<?xml version="1.0" encoding="UTF-8"?>
<!-- Generated by org.testng.reporters.JUnitReportReporter -->
<testsuite hostname="Israel" failures="0" tests="4" name="com.qa.test.LoginTestcases" time="55.576" errors="0" timestamp="2023-11-10T12:32:07 WAT" skipped="0">
  <testcase classname="com.qa.test.LoginTestcases" name="invalidEmail" time="11.811"/>
  <testcase classname="com.qa.test.LoginTestcases" name="unregisteredEmail" time="13.538"/>
  <testcase classname="com.qa.test.LoginTestcases" name="invalidPassword" time="14.874"/>
  <testcase classname="com.qa.test.LoginTestcases" name="successfulLogin" time="15.353"/>
</testsuite> <!-- com.qa.test.LoginTestcases -->
